d:\c\c_study\study\study\debug\vc142.pdb
d:\c\c_study\study\study\debug\vc142.idb
d:\c\c_study\study\study\debug\struct_study.obj
d:\c\c_study\study\study\debug\academy_review_0323.obj
d:\c\c_study\study\study\debug\academy_review_0325.obj
d:\c\c_study\study\study\debug\academy_review_0330.obj
d:\c\c_study\study\study\debug\academy_task_0321.obj
d:\c\c_study\study\study\debug\academy_task_0322.obj
d:\c\c_study\study\study\debug\academy_task_0326.obj
d:\c\c_study\study\study\debug\academy_task_0327.obj
d:\c\c_study\study\study\debug\diamondprint.obj
d:\c\c_study\study\study\debug\gittest.obj
d:\c\c_study\study\study\debug\struct2_typedef_study.obj
d:\c\c_study\study\study\debug\struct3_typedef_arr_study.obj
d:\c\c_study\study\study\debug\struct4_study.obj
d:\c\c_study\study\study\debug\mallocstruct.obj
d:\c\c_study\study\study\debug\malloc_study_1.obj
d:\c\c_study\study\study\debug\malloc_study_2.obj
d:\c\c_study\study\debug\study.exe
d:\c\c_study\study\debug\study.ilk
d:\c\c_study\study\debug\study.pdb
d:\c\c_study\study\study\debug\academy_review_0323_1.obj
d:\c\c_study\study\study\debug\academy_review_0323_2.obj
d:\c\c_study\study\study\debug\academy_review_malloc.obj
d:\c\c_study\study\study\debug\academy_review_malloc_0405.obj
d:\c\c_study\study\study\debug\mallocstudy.obj
d:\c\c_study\study\study\debug\malloc_study.obj
d:\c\c_study\study\study\debug\study.tlog\cl.command.1.tlog
d:\c\c_study\study\study\debug\study.tlog\cl.read.1.tlog
d:\c\c_study\study\study\debug\study.tlog\cl.write.1.tlog
d:\c\c_study\study\study\debug\study.tlog\link.command.1.tlog
d:\c\c_study\study\study\debug\study.tlog\link.read.1.tlog
d:\c\c_study\study\study\debug\study.tlog\link.write.1.tlog
